<?xml version="1.0" encoding="UTF-8"?>
<testsuite name="SILab2Test" tests="2" skipped="0" failures="0" errors="0" timestamp="2022-05-20T20:06:25" hostname="DESKTOP-V5DK467" time="0.014">
  <properties/>
  <testcase name="everyBranch()" classname="SILab2Test" time="0.013"/>
  <testcase name="everyStatement()" classname="SILab2Test" time="0.001"/>
  <system-out><![CDATA[]]></system-out>
  <system-err><![CDATA[]]></system-err>
</testsuite>
